
> millie-frontend@0.1.0 dev
> next dev

   ▲ Next.js 14.0.3
   - Local:        http://localhost:3000

 ✓ Ready in 1279ms
 ○ Compiling / ...
 ✓ Compiled / in 869ms (261 modules)
 ✓ Compiled in 190ms (261 modules)
 ✓ Compiled in 56ms (261 modules)
 ✓ Compiled in 45ms (261 modules)
 ✓ Compiled in 114ms (261 modules)
 ✓ Compiled in 48ms (261 modules)
 ✓ Compiled in 181ms (261 modules)
 ✓ Compiled in 75ms (261 modules)
 ✓ Compiled in 82ms (261 modules)
 ✓ Compiled in 68ms (261 modules)
 ✓ Compiled in 58ms (261 modules)
 ✓ Compiled in 72ms (261 modules)
 ✓ Compiled in 42ms (261 modules)
 ✓ Compiled in 47ms (261 modules)
 ✓ Compiled in 75ms (261 modules)
 ✓ Compiled in 178ms (261 modules)
 ✓ Compiled /_error in 98ms (263 modules)
 ✓ Compiled in 48ms (263 modules)
 ✓ Compiled in 53ms (263 modules)
 ✓ Compiled in 211ms (261 modules)
 ✓ Compiled /_error in 48ms (263 modules)
 ✓ Compiled in 54ms (263 modules)
 ✓ Compiled in 50ms (263 modules)
 ✓ Compiled in 87ms (263 modules)
 ✓ Compiled in 40ms (263 modules)
 ✓ Compiled in 67ms (263 modules)
 ✓ Compiled in 108ms (261 modules)
 ✓ Compiled in 68ms (261 modules)
 ✓ Compiled in 50ms (261 modules)
 ✓ Compiled in 105ms (261 modules)
 ✓ Compiled in 118ms (261 modules)
 ✓ Compiled in 361ms (291 modules)
 ✓ Compiled in 44ms (291 modules)
 ✓ Compiled in 83ms (291 modules)
 ✓ Compiled /management in 94ms (295 modules)
 ✓ Compiled in 30ms (214 modules)
 ✓ Compiled /_error in 156ms (293 modules)
 ✓ Compiled in 114ms (233 modules)
 ✓ Compiled in 50ms (78 modules)
[?25h
